running egg_info
creating ../../build/drivetrain/drivetrain.egg-info
writing ../../build/drivetrain/drivetrain.egg-info/PKG-INFO
writing dependency_links to ../../build/drivetrain/drivetrain.egg-info/dependency_links.txt
writing entry points to ../../build/drivetrain/drivetrain.egg-info/entry_points.txt
writing requirements to ../../build/drivetrain/drivetrain.egg-info/requires.txt
writing top-level names to ../../build/drivetrain/drivetrain.egg-info/top_level.txt
writing manifest file '../../build/drivetrain/drivetrain.egg-info/SOURCES.txt'
reading manifest file '../../build/drivetrain/drivetrain.egg-info/SOURCES.txt'
writing manifest file '../../build/drivetrain/drivetrain.egg-info/SOURCES.txt'
running build
running build_py
creating /home/odroid/code/catkin_ws/build/drivetrain/build
creating /home/odroid/code/catkin_ws/build/drivetrain/build/lib
creating /home/odroid/code/catkin_ws/build/drivetrain/build/lib/drivetrain
copying drivetrain/__init__.py -> /home/odroid/code/catkin_ws/build/drivetrain/build/lib/drivetrain
copying drivetrain/drivetrain.py -> /home/odroid/code/catkin_ws/build/drivetrain/build/lib/drivetrain
running install
running install_lib
creating /home/odroid/code/catkin_ws/install/drivetrain/lib/python3.10/site-packages/drivetrain
copying /home/odroid/code/catkin_ws/build/drivetrain/build/lib/drivetrain/__init__.py -> /home/odroid/code/catkin_ws/install/drivetrain/lib/python3.10/site-packages/drivetrain
copying /home/odroid/code/catkin_ws/build/drivetrain/build/lib/drivetrain/drivetrain.py -> /home/odroid/code/catkin_ws/install/drivetrain/lib/python3.10/site-packages/drivetrain
byte-compiling /home/odroid/code/catkin_ws/install/drivetrain/lib/python3.10/site-packages/drivetrain/__init__.py to __init__.cpython-310.pyc
byte-compiling /home/odroid/code/catkin_ws/install/drivetrain/lib/python3.10/site-packages/drivetrain/drivetrain.py to drivetrain.cpython-310.pyc
running install_data
creating /home/odroid/code/catkin_ws/install/drivetrain/share/ament_index
creating /home/odroid/code/catkin_ws/install/drivetrain/share/ament_index/resource_index
creating /home/odroid/code/catkin_ws/install/drivetrain/share/ament_index/resource_index/packages
copying resource/drivetrain -> /home/odroid/code/catkin_ws/install/drivetrain/share/ament_index/resource_index/packages
copying package.xml -> /home/odroid/code/catkin_ws/install/drivetrain/share/drivetrain
running install_egg_info
Copying ../../build/drivetrain/drivetrain.egg-info to /home/odroid/code/catkin_ws/install/drivetrain/lib/python3.10/site-packages/drivetrain-0.0.0-py3.10.egg-info
running install_scripts
Installing drivetrain script to /home/odroid/code/catkin_ws/install/drivetrain/lib/drivetrain
writing list of installed files to '/home/odroid/code/catkin_ws/build/drivetrain/install.log'
