[1.741s] Invoking command in '/home/odroid/code/catkin_ws/src/drivetrain': PYTHONPATH=/home/odroid/code/catkin_ws/build/drivetrain/prefix_override:/home/odroid/code/catkin_ws/install/drivetrain/lib/python3.10/site-packages:${PYTHONPATH} /usr/bin/python3 setup.py egg_info --egg-base ../../build/drivetrain build --build-base /home/odroid/code/catkin_ws/build/drivetrain/build install --record /home/odroid/code/catkin_ws/build/drivetrain/install.log --single-version-externally-managed
[2.328s] running egg_info
[2.330s] creating ../../build/drivetrain/drivetrain.egg-info
[2.330s] writing ../../build/drivetrain/drivetrain.egg-info/PKG-INFO
[2.331s] writing dependency_links to ../../build/drivetrain/drivetrain.egg-info/dependency_links.txt
[2.331s] writing entry points to ../../build/drivetrain/drivetrain.egg-info/entry_points.txt
[2.331s] writing requirements to ../../build/drivetrain/drivetrain.egg-info/requires.txt
[2.332s] writing top-level names to ../../build/drivetrain/drivetrain.egg-info/top_level.txt
[2.332s] writing manifest file '../../build/drivetrain/drivetrain.egg-info/SOURCES.txt'
[2.337s] reading manifest file '../../build/drivetrain/drivetrain.egg-info/SOURCES.txt'
[2.339s] writing manifest file '../../build/drivetrain/drivetrain.egg-info/SOURCES.txt'
[2.339s] running build
[2.340s] running build_py
[2.340s] creating /home/odroid/code/catkin_ws/build/drivetrain/build
[2.340s] creating /home/odroid/code/catkin_ws/build/drivetrain/build/lib
[2.341s] creating /home/odroid/code/catkin_ws/build/drivetrain/build/lib/drivetrain
[2.341s] copying drivetrain/__init__.py -> /home/odroid/code/catkin_ws/build/drivetrain/build/lib/drivetrain
[2.341s] copying drivetrain/drivetrain.py -> /home/odroid/code/catkin_ws/build/drivetrain/build/lib/drivetrain
[2.342s] running install
[2.344s] /usr/lib/python3/dist-packages/setuptools/command/install.py:34: SetuptoolsDeprecationWarning: setup.py install is deprecated. Use build and pip and other standards-based tools.
[2.344s]   warnings.warn(
[2.345s] running install_lib
[2.352s] creating /home/odroid/code/catkin_ws/install/drivetrain/lib/python3.10/site-packages/drivetrain
[2.352s] copying /home/odroid/code/catkin_ws/build/drivetrain/build/lib/drivetrain/__init__.py -> /home/odroid/code/catkin_ws/install/drivetrain/lib/python3.10/site-packages/drivetrain
[2.352s] copying /home/odroid/code/catkin_ws/build/drivetrain/build/lib/drivetrain/drivetrain.py -> /home/odroid/code/catkin_ws/install/drivetrain/lib/python3.10/site-packages/drivetrain
[2.353s] byte-compiling /home/odroid/code/catkin_ws/install/drivetrain/lib/python3.10/site-packages/drivetrain/__init__.py to __init__.cpython-310.pyc
[2.354s] byte-compiling /home/odroid/code/catkin_ws/install/drivetrain/lib/python3.10/site-packages/drivetrain/drivetrain.py to drivetrain.cpython-310.pyc
[2.355s] running install_data
[2.356s] creating /home/odroid/code/catkin_ws/install/drivetrain/share/ament_index
[2.357s] creating /home/odroid/code/catkin_ws/install/drivetrain/share/ament_index/resource_index
[2.357s] creating /home/odroid/code/catkin_ws/install/drivetrain/share/ament_index/resource_index/packages
[2.357s] copying resource/drivetrain -> /home/odroid/code/catkin_ws/install/drivetrain/share/ament_index/resource_index/packages
[2.358s] copying package.xml -> /home/odroid/code/catkin_ws/install/drivetrain/share/drivetrain
[2.358s] running install_egg_info
[2.362s] Copying ../../build/drivetrain/drivetrain.egg-info to /home/odroid/code/catkin_ws/install/drivetrain/lib/python3.10/site-packages/drivetrain-0.0.0-py3.10.egg-info
[2.364s] running install_scripts
[2.421s] Installing drivetrain script to /home/odroid/code/catkin_ws/install/drivetrain/lib/drivetrain
[2.422s] writing list of installed files to '/home/odroid/code/catkin_ws/build/drivetrain/install.log'
[2.534s] Invoked command in '/home/odroid/code/catkin_ws/src/drivetrain' returned '0': PYTHONPATH=/home/odroid/code/catkin_ws/build/drivetrain/prefix_override:/home/odroid/code/catkin_ws/install/drivetrain/lib/python3.10/site-packages:${PYTHONPATH} /usr/bin/python3 setup.py egg_info --egg-base ../../build/drivetrain build --build-base /home/odroid/code/catkin_ws/build/drivetrain/build install --record /home/odroid/code/catkin_ws/build/drivetrain/install.log --single-version-externally-managed
