[1.802s] Invoking command in '/home/odroid/code/catkin_ws/src/drivetrain': PS1=\[\e]0;\u@\h: \w\a\]${debian_chroot:+($debian_chroot)}\[\033[01;32m\]\u@\h\[\033[00m\]:\[\033[01;34m\]\w\[\033[00m\]\$ PYTHONPATH=/home/odroid/code/catkin_ws/build/drivetrain/prefix_override:/home/odroid/code/catkin_ws/install/drivetrain/lib/python3.10/site-packages:${PYTHONPATH} /usr/bin/python3 setup.py egg_info --egg-base ../../build/drivetrain build --build-base /home/odroid/code/catkin_ws/build/drivetrain/build install --record /home/odroid/code/catkin_ws/build/drivetrain/install.log --single-version-externally-managed
[2.467s] running egg_info
[2.468s] writing ../../build/drivetrain/drivetrain.egg-info/PKG-INFO
[2.469s] writing dependency_links to ../../build/drivetrain/drivetrain.egg-info/dependency_links.txt
[2.469s] writing entry points to ../../build/drivetrain/drivetrain.egg-info/entry_points.txt
[2.470s] writing requirements to ../../build/drivetrain/drivetrain.egg-info/requires.txt
[2.470s] writing top-level names to ../../build/drivetrain/drivetrain.egg-info/top_level.txt
[2.475s] reading manifest file '../../build/drivetrain/drivetrain.egg-info/SOURCES.txt'
[2.478s] writing manifest file '../../build/drivetrain/drivetrain.egg-info/SOURCES.txt'
[2.479s] running build
[2.479s] running build_py
[2.479s] copying drivetrain/drivetrain.py -> /home/odroid/code/catkin_ws/build/drivetrain/build/lib/drivetrain
[2.480s] running install
[2.481s] running install_lib
[2.483s] copying /home/odroid/code/catkin_ws/build/drivetrain/build/lib/drivetrain/drivetrain.py -> /home/odroid/code/catkin_ws/install/drivetrain/lib/python3.10/site-packages/drivetrain
[2.484s] byte-compiling /home/odroid/code/catkin_ws/install/drivetrain/lib/python3.10/site-packages/drivetrain/drivetrain.py to drivetrain.cpython-310.pyc
[2.486s] running install_data
[2.488s] running install_egg_info
[2.492s] removing '/home/odroid/code/catkin_ws/install/drivetrain/lib/python3.10/site-packages/drivetrain-0.0.0-py3.10.egg-info' (and everything under it)
[2.493s] Copying ../../build/drivetrain/drivetrain.egg-info to /home/odroid/code/catkin_ws/install/drivetrain/lib/python3.10/site-packages/drivetrain-0.0.0-py3.10.egg-info
[2.495s] running install_scripts
[2.552s] Installing drivetrain script to /home/odroid/code/catkin_ws/install/drivetrain/lib/drivetrain
[2.553s] writing list of installed files to '/home/odroid/code/catkin_ws/build/drivetrain/install.log'
[2.689s] Invoked command in '/home/odroid/code/catkin_ws/src/drivetrain' returned '0': PS1=\[\e]0;\u@\h: \w\a\]${debian_chroot:+($debian_chroot)}\[\033[01;32m\]\u@\h\[\033[00m\]:\[\033[01;34m\]\w\[\033[00m\]\$ PYTHONPATH=/home/odroid/code/catkin_ws/build/drivetrain/prefix_override:/home/odroid/code/catkin_ws/install/drivetrain/lib/python3.10/site-packages:${PYTHONPATH} /usr/bin/python3 setup.py egg_info --egg-base ../../build/drivetrain build --build-base /home/odroid/code/catkin_ws/build/drivetrain/build install --record /home/odroid/code/catkin_ws/build/drivetrain/install.log --single-version-externally-managed
