[11.095s] Invoking command in '/home/odroid/code/catkin_ws/src/drivetrain': PYTHONPATH=/home/odroid/code/catkin_ws/build/drivetrain/prefix_override:/home/odroid/code/catkin_ws/install/drivetrain/lib/python3.10/site-packages:${PYTHONPATH} /usr/bin/python3 setup.py egg_info --egg-base ../../build/drivetrain build --build-base /home/odroid/code/catkin_ws/build/drivetrain/build install --record /home/odroid/code/catkin_ws/build/drivetrain/install.log --single-version-externally-managed
[11.672s] running egg_info
[11.674s] writing ../../build/drivetrain/drivetrain.egg-info/PKG-INFO
[11.675s] writing dependency_links to ../../build/drivetrain/drivetrain.egg-info/dependency_links.txt
[11.675s] writing entry points to ../../build/drivetrain/drivetrain.egg-info/entry_points.txt
[11.676s] writing requirements to ../../build/drivetrain/drivetrain.egg-info/requires.txt
[11.676s] writing top-level names to ../../build/drivetrain/drivetrain.egg-info/top_level.txt
[11.681s] reading manifest file '../../build/drivetrain/drivetrain.egg-info/SOURCES.txt'
[11.683s] writing manifest file '../../build/drivetrain/drivetrain.egg-info/SOURCES.txt'
[11.684s] running build
[11.684s] running build_py
[11.684s] running install
[11.685s] /usr/lib/python3/dist-packages/setuptools/command/install.py:34: SetuptoolsDeprecationWarning: setup.py install is deprecated. Use build and pip and other standards-based tools.
[11.685s]   warnings.warn(
[11.686s] running install_lib
[11.694s] running install_data
[11.696s] running install_egg_info
[11.700s] removing '/home/odroid/code/catkin_ws/install/drivetrain/lib/python3.10/site-packages/drivetrain-0.0.0-py3.10.egg-info' (and everything under it)
[11.700s] Copying ../../build/drivetrain/drivetrain.egg-info to /home/odroid/code/catkin_ws/install/drivetrain/lib/python3.10/site-packages/drivetrain-0.0.0-py3.10.egg-info
[11.702s] running install_scripts
[11.760s] Installing drivetrain script to /home/odroid/code/catkin_ws/install/drivetrain/lib/drivetrain
[11.761s] writing list of installed files to '/home/odroid/code/catkin_ws/build/drivetrain/install.log'
[11.887s] Invoked command in '/home/odroid/code/catkin_ws/src/drivetrain' returned '0': PYTHONPATH=/home/odroid/code/catkin_ws/build/drivetrain/prefix_override:/home/odroid/code/catkin_ws/install/drivetrain/lib/python3.10/site-packages:${PYTHONPATH} /usr/bin/python3 setup.py egg_info --egg-base ../../build/drivetrain build --build-base /home/odroid/code/catkin_ws/build/drivetrain/build install --record /home/odroid/code/catkin_ws/build/drivetrain/install.log --single-version-externally-managed
