[1.780s] Invoking command in '/home/odroid/code/catkin_ws/src/drivetrain': PYTHONPATH=/home/odroid/code/catkin_ws/build/drivetrain/prefix_override:/home/odroid/code/catkin_ws/install/drivetrain/lib/python3.10/site-packages:${PYTHONPATH} /usr/bin/python3 setup.py egg_info --egg-base ../../build/drivetrain build --build-base /home/odroid/code/catkin_ws/build/drivetrain/build install --record /home/odroid/code/catkin_ws/build/drivetrain/install.log --single-version-externally-managed
[2.503s] running egg_info
[2.505s] writing ../../build/drivetrain/drivetrain.egg-info/PKG-INFO
[2.506s] writing dependency_links to ../../build/drivetrain/drivetrain.egg-info/dependency_links.txt
[2.506s] writing entry points to ../../build/drivetrain/drivetrain.egg-info/entry_points.txt
[2.507s] writing requirements to ../../build/drivetrain/drivetrain.egg-info/requires.txt
[2.507s] writing top-level names to ../../build/drivetrain/drivetrain.egg-info/top_level.txt
[2.512s] reading manifest file '../../build/drivetrain/drivetrain.egg-info/SOURCES.txt'
[2.516s] writing manifest file '../../build/drivetrain/drivetrain.egg-info/SOURCES.txt'
[2.516s] running build
[2.517s] running build_py
[2.517s] copying drivetrain/drivetrain.py -> /home/odroid/code/catkin_ws/build/drivetrain/build/lib/drivetrain
[2.518s] running install
[2.519s] running install_lib
[2.521s] copying /home/odroid/code/catkin_ws/build/drivetrain/build/lib/drivetrain/drivetrain.py -> /home/odroid/code/catkin_ws/install/drivetrain/lib/python3.10/site-packages/drivetrain
[2.523s] byte-compiling /home/odroid/code/catkin_ws/install/drivetrain/lib/python3.10/site-packages/drivetrain/drivetrain.py to drivetrain.cpython-310.pyc
[2.524s] running install_data
[2.525s] running install_egg_info
[2.530s] removing '/home/odroid/code/catkin_ws/install/drivetrain/lib/python3.10/site-packages/drivetrain-0.0.0-py3.10.egg-info' (and everything under it)
[2.531s] Copying ../../build/drivetrain/drivetrain.egg-info to /home/odroid/code/catkin_ws/install/drivetrain/lib/python3.10/site-packages/drivetrain-0.0.0-py3.10.egg-info
[2.533s] running install_scripts
[2.596s] Installing drivetrain script to /home/odroid/code/catkin_ws/install/drivetrain/lib/drivetrain
[2.597s] writing list of installed files to '/home/odroid/code/catkin_ws/build/drivetrain/install.log'
[2.739s] Invoked command in '/home/odroid/code/catkin_ws/src/drivetrain' returned '0': PYTHONPATH=/home/odroid/code/catkin_ws/build/drivetrain/prefix_override:/home/odroid/code/catkin_ws/install/drivetrain/lib/python3.10/site-packages:${PYTHONPATH} /usr/bin/python3 setup.py egg_info --egg-base ../../build/drivetrain build --build-base /home/odroid/code/catkin_ws/build/drivetrain/build install --record /home/odroid/code/catkin_ws/build/drivetrain/install.log --single-version-externally-managed
