[1.761s] Invoking command in '/home/odroid/code/catkin_ws/src/drivetrain': PS1=\[\e]0;\u@\h: \w\a\]${debian_chroot:+($debian_chroot)}\[\033[01;32m\]\u@\h\[\033[00m\]:\[\033[01;34m\]\w\[\033[00m\]\$ PYTHONPATH=/home/odroid/code/catkin_ws/src/build/drivetrain/prefix_override:/home/odroid/code/catkin_ws/src/install/drivetrain/lib/python3.10/site-packages:${PYTHONPATH} /usr/bin/python3 setup.py egg_info --egg-base ../build/drivetrain build --build-base /home/odroid/code/catkin_ws/src/build/drivetrain/build install --record /home/odroid/code/catkin_ws/src/build/drivetrain/install.log --single-version-externally-managed
[2.412s] running egg_info
[2.413s] creating ../build/drivetrain/drivetrain.egg-info
[2.414s] writing ../build/drivetrain/drivetrain.egg-info/PKG-INFO
[2.414s] writing dependency_links to ../build/drivetrain/drivetrain.egg-info/dependency_links.txt
[2.416s] writing entry points to ../build/drivetrain/drivetrain.egg-info/entry_points.txt
[2.416s] writing requirements to ../build/drivetrain/drivetrain.egg-info/requires.txt
[2.417s] writing top-level names to ../build/drivetrain/drivetrain.egg-info/top_level.txt
[2.417s] writing manifest file '../build/drivetrain/drivetrain.egg-info/SOURCES.txt'
[2.421s] reading manifest file '../build/drivetrain/drivetrain.egg-info/SOURCES.txt'
[2.424s] writing manifest file '../build/drivetrain/drivetrain.egg-info/SOURCES.txt'
[2.424s] running build
[2.424s] running build_py
[2.425s] creating /home/odroid/code/catkin_ws/src/build/drivetrain/build
[2.425s] creating /home/odroid/code/catkin_ws/src/build/drivetrain/build/lib
[2.425s] creating /home/odroid/code/catkin_ws/src/build/drivetrain/build/lib/drivetrain
[2.426s] copying drivetrain/__init__.py -> /home/odroid/code/catkin_ws/src/build/drivetrain/build/lib/drivetrain
[2.426s] copying drivetrain/drivetrain.py -> /home/odroid/code/catkin_ws/src/build/drivetrain/build/lib/drivetrain
[2.426s] running install
[2.427s] running install_lib
[2.429s] creating /home/odroid/code/catkin_ws/src/install/drivetrain/lib/python3.10/site-packages/drivetrain
[2.429s] copying /home/odroid/code/catkin_ws/src/build/drivetrain/build/lib/drivetrain/__init__.py -> /home/odroid/code/catkin_ws/src/install/drivetrain/lib/python3.10/site-packages/drivetrain
[2.429s] copying /home/odroid/code/catkin_ws/src/build/drivetrain/build/lib/drivetrain/drivetrain.py -> /home/odroid/code/catkin_ws/src/install/drivetrain/lib/python3.10/site-packages/drivetrain
[2.431s] byte-compiling /home/odroid/code/catkin_ws/src/install/drivetrain/lib/python3.10/site-packages/drivetrain/__init__.py to __init__.cpython-310.pyc
[2.431s] byte-compiling /home/odroid/code/catkin_ws/src/install/drivetrain/lib/python3.10/site-packages/drivetrain/drivetrain.py to drivetrain.cpython-310.pyc
[2.432s] running install_data
[2.434s] creating /home/odroid/code/catkin_ws/src/install/drivetrain/share/ament_index
[2.434s] creating /home/odroid/code/catkin_ws/src/install/drivetrain/share/ament_index/resource_index
[2.435s] creating /home/odroid/code/catkin_ws/src/install/drivetrain/share/ament_index/resource_index/packages
[2.435s] copying resource/drivetrain -> /home/odroid/code/catkin_ws/src/install/drivetrain/share/ament_index/resource_index/packages
[2.435s] copying package.xml -> /home/odroid/code/catkin_ws/src/install/drivetrain/share/drivetrain
[2.435s] running install_egg_info
[2.440s] Copying ../build/drivetrain/drivetrain.egg-info to /home/odroid/code/catkin_ws/src/install/drivetrain/lib/python3.10/site-packages/drivetrain-0.0.0-py3.10.egg-info
[2.442s] running install_scripts
[2.499s] Installing drivetrain script to /home/odroid/code/catkin_ws/src/install/drivetrain/lib/drivetrain
[2.500s] writing list of installed files to '/home/odroid/code/catkin_ws/src/build/drivetrain/install.log'
[2.639s] Invoked command in '/home/odroid/code/catkin_ws/src/drivetrain' returned '0': PS1=\[\e]0;\u@\h: \w\a\]${debian_chroot:+($debian_chroot)}\[\033[01;32m\]\u@\h\[\033[00m\]:\[\033[01;34m\]\w\[\033[00m\]\$ PYTHONPATH=/home/odroid/code/catkin_ws/src/build/drivetrain/prefix_override:/home/odroid/code/catkin_ws/src/install/drivetrain/lib/python3.10/site-packages:${PYTHONPATH} /usr/bin/python3 setup.py egg_info --egg-base ../build/drivetrain build --build-base /home/odroid/code/catkin_ws/src/build/drivetrain/build install --record /home/odroid/code/catkin_ws/src/build/drivetrain/install.log --single-version-externally-managed
